<?xml version="1.0" encoding="UTF-8"?>
<!-- Generated by org.testng.reporters.JUnitXMLReporter -->
<testsuite hostname="MSI" ignored="0" name="Regression test1" tests="1" failures="1" timestamp="15 Apr 2018 01:30:47 GMT" time="0.549" errors="0">
  <testcase name="runScenario" time="0.093" classname="cucumber.api.testng.AbstractTestNGCucumberTests">
    <failure type="org.testng.internal.reflect.MethodMatcherException" message="
Data provider mismatch
Method: runScenario([Parameter{index=0, type=cucumber.api.testng.PickleEventWrapper, declaredAnnotations=[]}, Parameter{index=1, type=cucumber.api.testng.CucumberFeatureWrapper, declaredAnnotations=[]}])
Arguments: [(cucumber.api.testng.CucumberExceptionWrapper)cucumber.api.testng.CucumberExceptionWrapper@323b36e0]">
      <![CDATA[org.testng.internal.reflect.MethodMatcherException: 
Data provider mismatch
Method: runScenario([Parameter{index=0, type=cucumber.api.testng.PickleEventWrapper, declaredAnnotations=[]}, Parameter{index=1, type=cucumber.api.testng.CucumberFeatureWrapper, declaredAnnotations=[]}])
Arguments: [(cucumber.api.testng.CucumberExceptionWrapper)cucumber.api.testng.CucumberExceptionWrapper@323b36e0]
... Removed 20 stack frames]]>
    </failure>
  </testcase> <!-- runScenario -->
</testsuite> <!-- Regression test1 -->
