<?xml version="1.0" encoding="UTF-8"?>
<!-- Generated by org.testng.reporters.JUnitReportReporter -->
<testsuite name="com.app.runners.CukesRunner" tests="1" time="15.081" ignored="0" failures="0" timestamp="19 Mar 2018 02:56:19 GMT" skipped="0" hostname="MSI" errors="1">
  <testcase name="runScenario" time="15.081" classname="com.app.runners.CukesRunner">
    <error type="java.lang.NullPointerException">
      <![CDATA[java.lang.NullPointerException
	at org.openqa.selenium.support.pagefactory.DefaultElementLocator.findElement(DefaultElementLocator.java:69)
	at org.openqa.selenium.support.pagefactory.internal.LocatingElementHandler.invoke(LocatingElementHandler.java:38)
	at com.sun.proxy.$Proxy16.sendKeys(Unknown Source)
	at com.app.pages.SuiteCRMDashboardPage.leaveNote(SuiteCRMDashboardPage.java:45)
	at com.app.stepDefs.DashboardAction_stepDefs.i_post(DashboardAction_stepDefs.java:20)
	at ✽.I post "Hello Everyone"(src/test/resources/features/DashboardAction.feature:5)
]]>
    </error>
  </testcase> <!-- runScenario -->
</testsuite> <!-- com.app.runners.CukesRunner -->
